<?xml version="1.0" encoding="UTF-8"?>
<!-- Generated by org.testng.reporters.JUnitReportReporter -->
<testsuite hostname="Shiv" failures="0" tests="1" name="com.orangehrm_automation.createcontact_testcases.CreateContactInCrmTest" time="52.530" errors="0" timestamp="2026-05-05T19:04:30 IST" skipped="0">
  <testcase classname="com.orangehrm_automation.createcontact_testcases.CreateContactInCrmTest" name="createContactTest" time="52.530"/>
</testsuite> <!-- com.orangehrm_automation.createcontact_testcases.CreateContactInCrmTest -->
