<?xml version="1.0" encoding="UTF-8"?>
<!-- Generated by org.testng.reporters.JUnitReportReporter -->
<testsuite hostname="Jspiders-JNTU" failures="0" tests="3" name="com.orangehrm_automation.createcontact_testcases.CreateContactInCrmTest" time="13.562" errors="1" timestamp="2026-03-31T18:26:52 IST" skipped="0">
  <testcase classname="com.orangehrm_automation.createcontact_testcases.CreateContactInCrmTest" name="createContactTest" time="6.949"/>
  <testcase classname="com.orangehrm_automation.createcontact_testcases.CreateContactInCrmTest" name="closeDbConnection" time="3.703">
    <error message="Cannot invoke &quot;java.sql.Connection.close()&quot; because &quot;this.con&quot; is null" type="java.lang.NullPointerException">
      <![CDATA[java.lang.NullPointerException: Cannot invoke "java.sql.Connection.close()" because "this.con" is null
at com.orangehrm.generic.databasesutility.DataBaseUtility.closeConnection(DataBaseUtility.java:34)
at com.crm.basic_utilities.BaseClass.closeDbConnection(BaseClass.java:87)
at java.base/jdk.internal.reflect.DirectMethodHandleAccessor.invoke(DirectMethodHandleAccessor.java:104)
at java.base/java.lang.reflect.Method.invoke(Method.java:577)
at org.testng.internal.invokers.MethodInvocationHelper.invokeMethod(MethodInvocationHelper.java:141)
at org.testng.internal.invokers.MethodInvocationHelper.invokeMethodConsideringTimeout(MethodInvocationHelper.java:71)
at org.testng.internal.invokers.ConfigInvoker.invokeConfigurationMethod(ConfigInvoker.java:400)
at org.testng.internal.invokers.ConfigInvoker.invokeConfigurations(ConfigInvoker.java:333)
at org.testng.SuiteRunner.privateRun(SuiteRunner.java:386)
at org.testng.SuiteRunner.run(SuiteRunner.java:312)
at org.testng.SuiteRunnerWorker.runSuite(SuiteRunnerWorker.java:52)
at org.testng.SuiteRunnerWorker.run(SuiteRunnerWorker.java:95)
at org.testng.TestNG.runSuitesSequentially(TestNG.java:1274)
at org.testng.TestNG.runSuitesLocally(TestNG.java:1208)
at org.testng.TestNG.runSuites(TestNG.java:1112)
at org.testng.TestNG.run(TestNG.java:1079)
at org.testng.remote.AbstractRemoteTestNG.run(AbstractRemoteTestNG.java:115)
at org.testng.remote.RemoteTestNG.initAndRun(RemoteTestNG.java:293)
at org.testng.remote.RemoteTestNG.main(RemoteTestNG.java:91)
]]>
    </error>
  </testcase> <!-- closeDbConnection -->
  <testcase classname="com.orangehrm_automation.createcontact_testcases.CreateContactInCrmTest" name="createContactTest" time="2.910"/>
</testsuite> <!-- com.orangehrm_automation.createcontact_testcases.CreateContactInCrmTest -->
