<?xml version="1.0" encoding="UTF-8"?>
<testng-results ignored="0" total="1" passed="1" failed="0" skipped="0">
  <reporter-output>
  </reporter-output>
  <suite started-at="2026-05-05T19:03:35 IST" name="Default suite" finished-at="2026-05-05T19:04:30 IST" duration-ms="55377">
    <groups>
    </groups>
    <test started-at="2026-05-05T19:03:35 IST" name="Default test" finished-at="2026-05-05T19:04:30 IST" duration-ms="55377">
      <class name="com.orangehrm_automation.createcontact_testcases.CreateContactInCrmTest">
        <test-method is-config="true" signature="connectToDataBase()[pri:0, instance:com.orangehrm_automation.createcontact_testcases.CreateContactInCrmTest@477b4cdf]" started-at="2026-05-05T19:03:35 IST" name="connectToDataBase" finished-at="2026-05-05T19:03:35 IST" duration-ms="19" status="PASS">
          <reporter-output>
          </reporter-output>
        </test-method> <!-- connectToDataBase -->
        <test-method is-config="true" signature="launchBrowser()[pri:0, instance:com.orangehrm_automation.createcontact_testcases.CreateContactInCrmTest@477b4cdf]" started-at="2026-05-05T19:03:35 IST" name="launchBrowser" finished-at="2026-05-05T19:03:37 IST" duration-ms="2397" status="PASS">
          <reporter-output>
          </reporter-output>
        </test-method> <!-- launchBrowser -->
        <test-method is-config="true" signature="loginToApplication()[pri:0, instance:com.orangehrm_automation.createcontact_testcases.CreateContactInCrmTest@477b4cdf]" started-at="2026-05-05T19:03:37 IST" name="loginToApplication" finished-at="2026-05-05T19:03:56 IST" duration-ms="18317" status="PASS">
          <reporter-output>
          </reporter-output>
        </test-method> <!-- loginToApplication -->
        <test-method signature="createContactTest()[pri:0, instance:com.orangehrm_automation.createcontact_testcases.CreateContactInCrmTest@477b4cdf]" started-at="2026-05-05T19:03:56 IST" name="createContactTest" finished-at="2026-05-05T19:04:26 IST" duration-ms="30968" status="PASS">
          <reporter-output>
          </reporter-output>
        </test-method> <!-- createContactTest -->
        <test-method is-config="true" signature="logoutFromApplication()[pri:0, instance:com.orangehrm_automation.createcontact_testcases.CreateContactInCrmTest@477b4cdf]" started-at="2026-05-05T19:04:26 IST" name="logoutFromApplication" finished-at="2026-05-05T19:04:30 IST" duration-ms="3245" status="PASS">
          <reporter-output>
          </reporter-output>
        </test-method> <!-- logoutFromApplication -->
        <test-method is-config="true" signature="closeBrowser()[pri:0, instance:com.orangehrm_automation.createcontact_testcases.CreateContactInCrmTest@477b4cdf]" started-at="2026-05-05T19:04:30 IST" name="closeBrowser" finished-at="2026-05-05T19:04:30 IST" duration-ms="348" status="PASS">
          <reporter-output>
          </reporter-output>
        </test-method> <!-- closeBrowser -->
        <test-method is-config="true" signature="closeDbConnection()[pri:0, instance:com.orangehrm_automation.createcontact_testcases.CreateContactInCrmTest@477b4cdf]" started-at="2026-05-05T19:04:30 IST" name="closeDbConnection" finished-at="2026-05-05T19:04:30 IST" duration-ms="1" status="PASS">
          <reporter-output>
          </reporter-output>
        </test-method> <!-- closeDbConnection -->
      </class> <!-- com.orangehrm_automation.createcontact_testcases.CreateContactInCrmTest -->
    </test> <!-- Default test -->
  </suite> <!-- Default suite -->
</testng-results>
