<?xml version="1.0" encoding="UTF-8"?>
<!-- Generated by org.testng.reporters.JUnitXMLReporter -->
<testsuite ignored="2" hostname="Jspiders-JNTU" failures="0" tests="2" name="TestRunner-edge" time="20.032" errors="0" timestamp="2026-03-31T14:10:28 IST">
  <testcase classname="com.orangehrm_automation.createcontact_testcases.CreateContactInCrmTest" name="createContactTest" time="2.553"/>
  <testcase classname="com.orangehrm_automation.createorganization_testcases.CreateOrganizationInCrmTest" name="createNewOrg" time="5.954"/>
  <testcase classname="com.crm.basic_utilities.BaseClass" name="@BeforeSuite connectToDataBase" time="0.0">
    <ignored/>
  </testcase> <!-- @BeforeSuite connectToDataBase -->
  <testcase classname="com.crm.basic_utilities.BaseClass" name="@AfterSuite closeDbConnection" time="0.0">
    <ignored/>
  </testcase> <!-- @AfterSuite closeDbConnection -->
</testsuite> <!-- TestRunner-edge -->
