<?xml version="1.0" encoding="UTF-8"?>
<!-- Generated by org.testng.reporters.JUnitXMLReporter -->
<testsuite ignored="2" hostname="Jspiders-JNTU" failures="0" tests="2" name="TestRunner-firefox" time="37.95" errors="0" timestamp="2026-03-31T18:26:52 IST">
  <testcase classname="com.orangehrm_automation.createcontact_testcases.CreateContactInCrmTest" name="createContactTest" time="2.91"/>
  <testcase classname="com.orangehrm_automation.createorganization_testcases.CreateOrganizationInCrmTest" name="createNewOrg" time="4.043"/>
  <testcase classname="com.crm.basic_utilities.BaseClass" name="@BeforeSuite connectToDataBase" time="0.0">
    <ignored/>
  </testcase> <!-- @BeforeSuite connectToDataBase -->
  <testcase classname="com.crm.basic_utilities.BaseClass" name="@AfterSuite closeDbConnection" time="0.0">
    <ignored/>
  </testcase> <!-- @AfterSuite closeDbConnection -->
</testsuite> <!-- TestRunner-firefox -->
