<?xml version="1.0" encoding="UTF-8"?>
<!-- Generated by org.testng.reporters.JUnitXMLReporter -->
<testsuite ignored="2" hostname="Jspiders-JNTU" failures="0" tests="2" name="TestRunner-chrome" time="23.409" errors="0" timestamp="2026-03-31T18:26:37 IST">
  <testcase classname="com.orangehrm_automation.createcontact_testcases.CreateContactInCrmTest" name="createContactTest" time="4.543"/>
  <testcase classname="com.orangehrm_automation.createorganization_testcases.CreateOrganizationInCrmTest" name="createNewOrg" time="5.365"/>
  <testcase classname="com.crm.basic_utilities.BaseClass" name="@AfterSuite closeDbConnection" time="0.0">
    <ignored/>
  </testcase> <!-- @AfterSuite closeDbConnection -->
  <testcase classname="com.crm.basic_utilities.BaseClass" name="@BeforeSuite connectToDataBase" time="0.0">
    <ignored/>
  </testcase> <!-- @BeforeSuite connectToDataBase -->
</testsuite> <!-- TestRunner-chrome -->
