<?xml version="1.0" encoding="UTF-8"?>
<!-- Generated by org.testng.reporters.JUnitXMLReporter -->
<testsuite ignored="0" hostname="Jspiders-JNTU" failures="2" tests="3" name="Test" time="9.045" errors="0" timestamp="2026-04-01T12:42:35 IST">
  <testcase classname="com.crm.verficationpractice.HomePageVerficationTest" name="homePageLogoverfication" time="5.088"/>
  <testcase classname="com.crm.verficationpractice.HomePageVerficationTest" name="homePageTextVerfiaction" time="3.861">
    <failure type="java.lang.AssertionError" message="expected [HomeD] but found [Home]">
      <![CDATA[java.lang.AssertionError: expected [HomeD] but found [Home]
at com.crm.verficationpractice.HomePageVerficationTest.homePageTextVerfiaction(HomePageVerficationTest.java:31)
at java.base/java.util.ArrayList.forEach(ArrayList.java:1511)
... Removed 31 stack frames]]>
    </failure>
  </testcase> <!-- homePageTextVerfiaction -->
  <testcase classname="com.crm.verficationpractice.HomePageVerficationTest" name="homePageTextVerfiaction" time="3.881">
    <failure type="java.lang.NullPointerException" message="Cannot invoke &amp;quot;org.openqa.selenium.TakesScreenshot.getScreenshotAs(org.openqa.selenium.OutputType)&amp;quot; because &amp;quot;ts&amp;quot; is null">
      <![CDATA[java.lang.NullPointerException: Cannot invoke "org.openqa.selenium.TakesScreenshot.getScreenshotAs(org.openqa.selenium.OutputType)" because "ts" is null
at com.crm.listener_utilites.ListenerImpClass.onTestFailure(ListenerImpClass.java:34)
at java.base/java.util.ArrayList.forEach(ArrayList.java:1511)
... Removed 24 stack frames]]>
    </failure>
  </testcase> <!-- homePageTextVerfiaction -->
</testsuite> <!-- Test -->
